<?xml version="1.0" encoding="UTF-8"?>
<!-- Generated by org.testng.reporters.JUnitXMLReporter -->
<testsuite ignored="0" hostname="IBM-PF44B55B" failures="0" tests="4" name="Default test" time="3.144" errors="0" timestamp="2023-12-24T00:39:48 EST">
  <testcase classname="api.tests.UserTest2" name="testPostUser" time="2.028"/>
  <testcase classname="api.tests.UserTest2" name="testGetUserByName" time="0.228"/>
  <testcase classname="api.tests.UserTest2" name="testupdateUserByName" time="0.325"/>
  <testcase classname="api.tests.UserTest2" name="testDeleteUserByName" time="0.159"/>
</testsuite> <!-- Default test -->
