<?xml version="1.0" encoding="UTF-8"?>
<testng-results ignored="0" total="4" passed="4" failed="0" skipped="0">
  <reporter-output>
  </reporter-output>
  <suite started-at="2023-12-24T12:26:22 EST" name="PetSuite" finished-at="2023-12-24T12:26:25 EST" duration-ms="3361">
    <groups>
    </groups>
    <test started-at="2023-12-24T12:26:22 EST" name="PetTests" finished-at="2023-12-24T12:26:25 EST" duration-ms="3361">
      <class name="api.tests.UserTest2">
        <test-method is-config="true" signature="setup()[pri:0, instance:api.tests.UserTest2@f5ac9e4]" started-at="2023-12-24T12:26:22 EST" name="setup" finished-at="2023-12-24T12:26:22 EST" duration-ms="267" status="PASS">
          <reporter-output>
          </reporter-output>
        </test-method> <!-- setup -->
        <test-method signature="testPostUser()[pri:1, instance:api.tests.UserTest2@f5ac9e4]" started-at="2023-12-24T12:26:22 EST" name="testPostUser" finished-at="2023-12-24T12:26:24 EST" duration-ms="2110" status="PASS">
          <reporter-output>
          </reporter-output>
        </test-method> <!-- testPostUser -->
        <test-method signature="testGetUserByName()[pri:2, instance:api.tests.UserTest2@f5ac9e4]" started-at="2023-12-24T12:26:24 EST" name="testGetUserByName" finished-at="2023-12-24T12:26:25 EST" duration-ms="196" status="PASS">
          <reporter-output>
          </reporter-output>
        </test-method> <!-- testGetUserByName -->
        <test-method signature="testupdateUserByName()[pri:3, instance:api.tests.UserTest2@f5ac9e4]" started-at="2023-12-24T12:26:25 EST" name="testupdateUserByName" finished-at="2023-12-24T12:26:25 EST" duration-ms="324" status="PASS">
          <reporter-output>
          </reporter-output>
        </test-method> <!-- testupdateUserByName -->
        <test-method signature="testDeleteUserByName()[pri:4, instance:api.tests.UserTest2@f5ac9e4]" started-at="2023-12-24T12:26:25 EST" name="testDeleteUserByName" finished-at="2023-12-24T12:26:25 EST" duration-ms="154" status="PASS">
          <reporter-output>
          </reporter-output>
        </test-method> <!-- testDeleteUserByName -->
      </class> <!-- api.tests.UserTest2 -->
    </test> <!-- PetTests -->
  </suite> <!-- PetSuite -->
</testng-results>
