<?xml version="1.0" encoding="UTF-8"?>
<!-- Generated by org.testng.reporters.JUnitXMLReporter -->
<testsuite ignored="0" hostname="IBM-PF44B55B" failures="0" tests="4" name="PetTests" time="3.361" errors="0" timestamp="2023-12-24T12:26:25 EST">
  <testcase classname="api.tests.UserTest2" name="testPostUser" time="2.11"/>
  <testcase classname="api.tests.UserTest2" name="testGetUserByName" time="0.196"/>
  <testcase classname="api.tests.UserTest2" name="testupdateUserByName" time="0.324"/>
  <testcase classname="api.tests.UserTest2" name="testDeleteUserByName" time="0.154"/>
</testsuite> <!-- PetTests -->
