<?xml version="1.0" encoding="UTF-8"?>
<!-- Generated by org.testng.reporters.JUnitXMLReporter -->
<testsuite ignored="0" hostname="IBM-PF44B55B" failures="0" tests="4" name="PetTests" time="3.223" errors="0" timestamp="2023-12-24T00:41:04 EST">
  <testcase classname="api.tests.UserTest2" name="testPostUser" time="1.899"/>
  <testcase classname="api.tests.UserTest2" name="testGetUserByName" time="0.243"/>
  <testcase classname="api.tests.UserTest2" name="testupdateUserByName" time="0.352"/>
  <testcase classname="api.tests.UserTest2" name="testDeleteUserByName" time="0.164"/>
</testsuite> <!-- PetTests -->
